<?xml version="1.0" encoding="UTF-8"?>
<testsuite name="plc.compiler.LexerTests" tests="32" skipped="0" failures="2" errors="0" timestamp="2020-12-15T02:48:01" hostname="DESKTOP-2DGH6BL" time="0.081">
  <properties/>
  <testcase name="DoubleDecimal()" classname="plc.compiler.LexerTests" time="0.0"/>
  <testcase name="testExample2()" classname="plc.compiler.LexerTests" time="0.0"/>
  <testcase name="Assignment()" classname="plc.compiler.LexerTests" time="0.001"/>
  <testcase name="Program1()" classname="plc.compiler.LexerTests" time="0.005">
    <failure message="org.opentest4j.AssertionFailedError: expected: &lt;[IDENTIFIER=`Too Lazy to fill in test`@0]&gt; but was: &lt;[IDENTIFIER=`LET`@0, IDENTIFIER=`first`@4, OPERATOR=`:`@9, IDENTIFIER=`INTEGER`@11, OPERATOR=`=`@19, INTEGER=`1`@21, OPERATOR=`;`@22, IDENTIFIER=`WHILE`@24, IDENTIFIER=`first`@30, OPERATOR=`!=`@36, INTEGER=`10`@39, IDENTIFIER=`DO`@42, IDENTIFIER=`PRINT`@45, OPERATOR=`(`@50, IDENTIFIER=`first`@51, OPERATOR=`)`@56, OPERATOR=`;`@57, IDENTIFIER=`first`@59, OPERATOR=`=`@65, IDENTIFIER=`first`@67, OPERATOR=`+`@73, INTEGER=`1`@75, OPERATOR=`;`@76, IDENTIFIER=`END`@78]&gt;" type="org.opentest4j.AssertionFailedError">org.opentest4j.AssertionFailedError: expected: &lt;[IDENTIFIER=`Too Lazy to fill in test`@0]&gt; but was: &lt;[IDENTIFIER=`LET`@0, IDENTIFIER=`first`@4, OPERATOR=`:`@9, IDENTIFIER=`INTEGER`@11, OPERATOR=`=`@19, INTEGER=`1`@21, OPERATOR=`;`@22, IDENTIFIER=`WHILE`@24, IDENTIFIER=`first`@30, OPERATOR=`!=`@36, INTEGER=`10`@39, IDENTIFIER=`DO`@42, IDENTIFIER=`PRINT`@45, OPERATOR=`(`@50, IDENTIFIER=`first`@51, OPERATOR=`)`@56, OPERATOR=`;`@57, IDENTIFIER=`first`@59, OPERATOR=`=`@65, IDENTIFIER=`first`@67, OPERATOR=`+`@73, INTEGER=`1`@75, OPERATOR=`;`@76, IDENTIFIER=`END`@78]&gt;
	at org.junit.jupiter.api.AssertionUtils.fail(AssertionUtils.java:55)
	at org.junit.jupiter.api.AssertionUtils.failNotEqual(AssertionUtils.java:62)
	at org.junit.jupiter.api.AssertEquals.assertEquals(AssertEquals.java:182)
	at org.junit.jupiter.api.AssertEquals.assertEquals(AssertEquals.java:177)
	at org.junit.jupiter.api.Assertions.assertEquals(Assertions.java:1124)
	at plc.compiler.LexerTests.Program1(LexerTests.java:166)
	at sun.reflect.NativeMethodAccessorImpl.invoke0(Native Method)
	at sun.reflect.NativeMethodAccessorImpl.invoke(NativeMethodAccessorImpl.java:62)
	at sun.reflect.DelegatingMethodAccessorImpl.invoke(DelegatingMethodAccessorImpl.java:43)
	at java.lang.reflect.Method.invoke(Method.java:498)
	at org.junit.platform.commons.util.ReflectionUtils.invokeMethod(ReflectionUtils.java:686)
	at org.junit.jupiter.engine.execution.MethodInvocation.proceed(MethodInvocation.java:60)
	at org.junit.jupiter.engine.execution.InvocationInterceptorChain$ValidatingInvocation.proceed(InvocationInterceptorChain.java:131)
	at org.junit.jupiter.engine.extension.TimeoutExtension.intercept(TimeoutExtension.java:149)
	at org.junit.jupiter.engine.extension.TimeoutExtension.interceptTestableMethod(TimeoutExtension.java:140)
	at org.junit.jupiter.engine.extension.TimeoutExtension.interceptTestMethod(TimeoutExtension.java:84)
	at org.junit.jupiter.engine.execution.ExecutableInvoker$ReflectiveInterceptorCall.lambda$ofVoidMethod$0(ExecutableInvoker.java:115)
	at org.junit.jupiter.engine.execution.ExecutableInvoker.lambda$invoke$0(ExecutableInvoker.java:105)
	at org.junit.jupiter.engine.execution.InvocationInterceptorChain$InterceptedInvocation.proceed(InvocationInterceptorChain.java:106)
	at org.junit.jupiter.engine.execution.InvocationInterceptorChain.proceed(InvocationInterceptorChain.java:64)
	at org.junit.jupiter.engine.execution.InvocationInterceptorChain.chainAndInvoke(InvocationInterceptorChain.java:45)
	at org.junit.jupiter.engine.execution.InvocationInterceptorChain.invoke(InvocationInterceptorChain.java:37)
	at org.junit.jupiter.engine.execution.ExecutableInvoker.invoke(ExecutableInvoker.java:104)
	at org.junit.jupiter.engine.execution.ExecutableInvoker.invoke(ExecutableInvoker.java:98)
	at org.junit.jupiter.engine.descriptor.TestMethodTestDescriptor.lambda$invokeTestMethod$6(TestMethodTestDescriptor.java:212)
	at org.junit.platform.engine.support.hierarchical.ThrowableCollector.execute(ThrowableCollector.java:73)
	at org.junit.jupiter.engine.descriptor.TestMethodTestDescriptor.invokeTestMethod(TestMethodTestDescriptor.java:208)
	at org.junit.jupiter.engine.descriptor.TestMethodTestDescriptor.execute(TestMethodTestDescriptor.java:137)
	at org.junit.jupiter.engine.descriptor.TestMethodTestDescriptor.execute(TestMethodTestDescriptor.java:71)
	at org.junit.platform.engine.support.hierarchical.NodeTestTask.lambda$executeRecursively$5(NodeTestTask.java:135)
	at org.junit.platform.engine.support.hierarchical.ThrowableCollector.execute(ThrowableCollector.java:73)
	at org.junit.platform.engine.support.hierarchical.NodeTestTask.lambda$executeRecursively$7(NodeTestTask.java:125)
	at org.junit.platform.engine.support.hierarchical.Node.around(Node.java:135)
	at org.junit.platform.engine.support.hierarchical.NodeTestTask.lambda$executeRecursively$8(NodeTestTask.java:123)
	at org.junit.platform.engine.support.hierarchical.ThrowableCollector.execute(ThrowableCollector.java:73)
	at org.junit.platform.engine.support.hierarchical.NodeTestTask.executeRecursively(NodeTestTask.java:122)
	at org.junit.platform.engine.support.hierarchical.NodeTestTask.execute(NodeTestTask.java:80)
	at java.util.ArrayList.forEach(ArrayList.java:1257)
	at org.junit.platform.engine.support.hierarchical.SameThreadHierarchicalTestExecutorService.invokeAll(SameThreadHierarchicalTestExecutorService.java:38)
	at org.junit.platform.engine.support.hierarchical.NodeTestTask.lambda$executeRecursively$5(NodeTestTask.java:139)
	at org.junit.platform.engine.support.hierarchical.ThrowableCollector.execute(ThrowableCollector.java:73)
	at org.junit.platform.engine.support.hierarchical.NodeTestTask.lambda$executeRecursively$7(NodeTestTask.java:125)
	at org.junit.platform.engine.support.hierarchical.Node.around(Node.java:135)
	at org.junit.platform.engine.support.hierarchical.NodeTestTask.lambda$executeRecursively$8(NodeTestTask.java:123)
	at org.junit.platform.engine.support.hierarchical.ThrowableCollector.execute(ThrowableCollector.java:73)
	at org.junit.platform.engine.support.hierarchical.NodeTestTask.executeRecursively(NodeTestTask.java:122)
	at org.junit.platform.engine.support.hierarchical.NodeTestTask.execute(NodeTestTask.java:80)
	at java.util.ArrayList.forEach(ArrayList.java:1257)
	at org.junit.platform.engine.support.hierarchical.SameThreadHierarchicalTestExecutorService.invokeAll(SameThreadHierarchicalTestExecutorService.java:38)
	at org.junit.platform.engine.support.hierarchical.NodeTestTask.lambda$executeRecursively$5(NodeTestTask.java:139)
	at org.junit.platform.engine.support.hierarchical.ThrowableCollector.execute(ThrowableCollector.java:73)
	at org.junit.platform.engine.support.hierarchical.NodeTestTask.lambda$executeRecursively$7(NodeTestTask.java:125)
	at org.junit.platform.engine.support.hierarchical.Node.around(Node.java:135)
	at org.junit.platform.engine.support.hierarchical.NodeTestTask.lambda$executeRecursively$8(NodeTestTask.java:123)
	at org.junit.platform.engine.support.hierarchical.ThrowableCollector.execute(ThrowableCollector.java:73)
	at org.junit.platform.engine.support.hierarchical.NodeTestTask.executeRecursively(NodeTestTask.java:122)
	at org.junit.platform.engine.support.hierarchical.NodeTestTask.execute(NodeTestTask.java:80)
	at org.junit.platform.engine.support.hierarchical.SameThreadHierarchicalTestExecutorService.submit(SameThreadHierarchicalTestExecutorService.java:32)
	at org.junit.platform.engine.support.hierarchical.HierarchicalTestExecutor.execute(HierarchicalTestExecutor.java:57)
	at org.junit.platform.engine.support.hierarchical.HierarchicalTestEngine.execute(HierarchicalTestEngine.java:51)
	at org.junit.platform.launcher.core.DefaultLauncher.execute(DefaultLauncher.java:248)
	at org.junit.platform.launcher.core.DefaultLauncher.lambda$execute$5(DefaultLauncher.java:211)
	at org.junit.platform.launcher.core.DefaultLauncher.withInterceptedStreams(DefaultLauncher.java:226)
	at org.junit.platform.launcher.core.DefaultLauncher.execute(DefaultLauncher.java:199)
	at org.junit.platform.launcher.core.DefaultLauncher.execute(DefaultLauncher.java:132)
	at org.gradle.api.internal.tasks.testing.junitplatform.JUnitPlatformTestClassProcessor$CollectAllTestClassesExecutor.processAllTestClasses(JUnitPlatformTestClassProcessor.java:99)
	at org.gradle.api.internal.tasks.testing.junitplatform.JUnitPlatformTestClassProcessor$CollectAllTestClassesExecutor.access$000(JUnitPlatformTestClassProcessor.java:79)
	at org.gradle.api.internal.tasks.testing.junitplatform.JUnitPlatformTestClassProcessor.stop(JUnitPlatformTestClassProcessor.java:75)
	at org.gradle.api.internal.tasks.testing.SuiteTestClassProcessor.stop(SuiteTestClassProcessor.java:61)
	at sun.reflect.NativeMethodAccessorImpl.invoke0(Native Method)
	at sun.reflect.NativeMethodAccessorImpl.invoke(NativeMethodAccessorImpl.java:62)
	at sun.reflect.DelegatingMethodAccessorImpl.invoke(DelegatingMethodAccessorImpl.java:43)
	at java.lang.reflect.Method.invoke(Method.java:498)
	at org.gradle.internal.dispatch.ReflectionDispatch.dispatch(ReflectionDispatch.java:36)
	at org.gradle.internal.dispatch.ReflectionDispatch.dispatch(ReflectionDispatch.java:24)
	at org.gradle.internal.dispatch.ContextClassLoaderDispatch.dispatch(ContextClassLoaderDispatch.java:33)
	at org.gradle.internal.dispatch.ProxyDispatchAdapter$DispatchingInvocationHandler.invoke(ProxyDispatchAdapter.java:94)
	at com.sun.proxy.$Proxy2.stop(Unknown Source)
	at org.gradle.api.internal.tasks.testing.worker.TestWorker.stop(TestWorker.java:133)
	at sun.reflect.NativeMethodAccessorImpl.invoke0(Native Method)
	at sun.reflect.NativeMethodAccessorImpl.invoke(NativeMethodAccessorImpl.java:62)
	at sun.reflect.DelegatingMethodAccessorImpl.invoke(DelegatingMethodAccessorImpl.java:43)
	at java.lang.reflect.Method.invoke(Method.java:498)
	at org.gradle.internal.dispatch.ReflectionDispatch.dispatch(ReflectionDispatch.java:36)
	at org.gradle.internal.dispatch.ReflectionDispatch.dispatch(ReflectionDispatch.java:24)
	at org.gradle.internal.remote.internal.hub.MessageHubBackedObjectConnection$DispatchWrapper.dispatch(MessageHubBackedObjectConnection.java:182)
	at org.gradle.internal.remote.internal.hub.MessageHubBackedObjectConnection$DispatchWrapper.dispatch(MessageHubBackedObjectConnection.java:164)
	at org.gradle.internal.remote.internal.hub.MessageHub$Handler.run(MessageHub.java:414)
	at org.gradle.internal.concurrent.ExecutorPolicy$CatchAndRecordFailures.onExecute(ExecutorPolicy.java:64)
	at org.gradle.internal.concurrent.ManagedExecutorImpl$1.run(ManagedExecutorImpl.java:48)
	at java.util.concurrent.ThreadPoolExecutor.runWorker(ThreadPoolExecutor.java:1149)
	at java.util.concurrent.ThreadPoolExecutor$Worker.run(ThreadPoolExecutor.java:624)
	at org.gradle.internal.concurrent.ThreadFactoryImpl$ManagedThreadRunnable.run(ThreadFactoryImpl.java:56)
	at java.lang.Thread.run(Thread.java:748)
</failure>
  </testcase>
  <testcase name="Program2()" classname="plc.compiler.LexerTests" time="0.004">
    <failure message="org.opentest4j.AssertionFailedError: expected: &lt;[IDENTIFIER=`Too Lazy to fill in test`@0]&gt; but was: &lt;[IDENTIFIER=`LET`@0, IDENTIFIER=`i`@4, OPERATOR=`;`@5, IDENTIFIER=`LET`@7, IDENTIFIER=`first`@11, OPERATOR=`:`@16, IDENTIFIER=`INTEGER`@18, OPERATOR=`=`@26, INTEGER=`1`@28, OPERATOR=`;`@29, IDENTIFIER=`PRINT`@31, OPERATOR=`(`@36, STRING=`&quot;n=&quot;`@37, OPERATOR=`)`@41, OPERATOR=`;`@42, IDENTIFIER=`WHILE`@44, IDENTIFIER=`i`@50, OPERATOR=`!=`@52, IDENTIFIER=`n`@55, IDENTIFIER=`DO`@57, IDENTIFIER=`LET`@60, IDENTIFIER=`zero`@64, OPERATOR=`:`@68, IDENTIFIER=`INTEGER`@70, OPERATOR=`=`@78, IDENTIFIER=`n`@80, OPERATOR=`-`@82, IDENTIFIER=`i`@84, OPERATOR=`*`@86, OPERATOR=`(`@88, IDENTIFIER=`n`@89, OPERATOR=`/`@91, IDENTIFIER=`i`@93, OPERATOR=`)`@94, OPERATOR=`;`@95, IDENTIFIER=`IF`@97, IDENTIFIER=`zero`@100, OPERATOR=`==`@105, INTEGER=`0`@108, IDENTIFIER=`THEN`@110, IDENTIFIER=`PRINT`@115, OPERATOR=`(`@120, IDENTIFIER=`i`@121, OPERATOR=`,`@122, STRING=`&quot; * &quot;`@124, OPERATOR=`)`@129, OPERATOR=`;`@130, IDENTIFIER=`n`@132, OPERATOR=`=`@134, IDENTIFIER=`n`@136, OPERATOR=`/`@138, IDENTIFIER=`i`@140, OPERATOR=`;`@141, IDENTIFIER=`ELSE`@144, IDENTIFIER=`i`@149, OPERATOR=`=`@151, IDENTIFIER=`i`@153, OPERATOR=`+`@155, INTEGER=`1`@157, OPERATOR=`;`@158, IDENTIFIER=`END`@160, IDENTIFIER=`END`@164, IDENTIFIER=`PRINT`@168, OPERATOR=`(`@173, IDENTIFIER=`i`@174, OPERATOR=`)`@175, OPERATOR=`;`@176]&gt;" type="org.opentest4j.AssertionFailedError">org.opentest4j.AssertionFailedError: expected: &lt;[IDENTIFIER=`Too Lazy to fill in test`@0]&gt; but was: &lt;[IDENTIFIER=`LET`@0, IDENTIFIER=`i`@4, OPERATOR=`;`@5, IDENTIFIER=`LET`@7, IDENTIFIER=`first`@11, OPERATOR=`:`@16, IDENTIFIER=`INTEGER`@18, OPERATOR=`=`@26, INTEGER=`1`@28, OPERATOR=`;`@29, IDENTIFIER=`PRINT`@31, OPERATOR=`(`@36, STRING=`&quot;n=&quot;`@37, OPERATOR=`)`@41, OPERATOR=`;`@42, IDENTIFIER=`WHILE`@44, IDENTIFIER=`i`@50, OPERATOR=`!=`@52, IDENTIFIER=`n`@55, IDENTIFIER=`DO`@57, IDENTIFIER=`LET`@60, IDENTIFIER=`zero`@64, OPERATOR=`:`@68, IDENTIFIER=`INTEGER`@70, OPERATOR=`=`@78, IDENTIFIER=`n`@80, OPERATOR=`-`@82, IDENTIFIER=`i`@84, OPERATOR=`*`@86, OPERATOR=`(`@88, IDENTIFIER=`n`@89, OPERATOR=`/`@91, IDENTIFIER=`i`@93, OPERATOR=`)`@94, OPERATOR=`;`@95, IDENTIFIER=`IF`@97, IDENTIFIER=`zero`@100, OPERATOR=`==`@105, INTEGER=`0`@108, IDENTIFIER=`THEN`@110, IDENTIFIER=`PRINT`@115, OPERATOR=`(`@120, IDENTIFIER=`i`@121, OPERATOR=`,`@122, STRING=`&quot; * &quot;`@124, OPERATOR=`)`@129, OPERATOR=`;`@130, IDENTIFIER=`n`@132, OPERATOR=`=`@134, IDENTIFIER=`n`@136, OPERATOR=`/`@138, IDENTIFIER=`i`@140, OPERATOR=`;`@141, IDENTIFIER=`ELSE`@144, IDENTIFIER=`i`@149, OPERATOR=`=`@151, IDENTIFIER=`i`@153, OPERATOR=`+`@155, INTEGER=`1`@157, OPERATOR=`;`@158, IDENTIFIER=`END`@160, IDENTIFIER=`END`@164, IDENTIFIER=`PRINT`@168, OPERATOR=`(`@173, IDENTIFIER=`i`@174, OPERATOR=`)`@175, OPERATOR=`;`@176]&gt;
	at org.junit.jupiter.api.AssertionUtils.fail(AssertionUtils.java:55)
	at org.junit.jupiter.api.AssertionUtils.failNotEqual(AssertionUtils.java:62)
	at org.junit.jupiter.api.AssertEquals.assertEquals(AssertEquals.java:182)
	at org.junit.jupiter.api.AssertEquals.assertEquals(AssertEquals.java:177)
	at org.junit.jupiter.api.Assertions.assertEquals(Assertions.java:1124)
	at plc.compiler.LexerTests.Program2(LexerTests.java:175)
	at sun.reflect.NativeMethodAccessorImpl.invoke0(Native Method)
	at sun.reflect.NativeMethodAccessorImpl.invoke(NativeMethodAccessorImpl.java:62)
	at sun.reflect.DelegatingMethodAccessorImpl.invoke(DelegatingMethodAccessorImpl.java:43)
	at java.lang.reflect.Method.invoke(Method.java:498)
	at org.junit.platform.commons.util.ReflectionUtils.invokeMethod(ReflectionUtils.java:686)
	at org.junit.jupiter.engine.execution.MethodInvocation.proceed(MethodInvocation.java:60)
	at org.junit.jupiter.engine.execution.InvocationInterceptorChain$ValidatingInvocation.proceed(InvocationInterceptorChain.java:131)
	at org.junit.jupiter.engine.extension.TimeoutExtension.intercept(TimeoutExtension.java:149)
	at org.junit.jupiter.engine.extension.TimeoutExtension.interceptTestableMethod(TimeoutExtension.java:140)
	at org.junit.jupiter.engine.extension.TimeoutExtension.interceptTestMethod(TimeoutExtension.java:84)
	at org.junit.jupiter.engine.execution.ExecutableInvoker$ReflectiveInterceptorCall.lambda$ofVoidMethod$0(ExecutableInvoker.java:115)
	at org.junit.jupiter.engine.execution.ExecutableInvoker.lambda$invoke$0(ExecutableInvoker.java:105)
	at org.junit.jupiter.engine.execution.InvocationInterceptorChain$InterceptedInvocation.proceed(InvocationInterceptorChain.java:106)
	at org.junit.jupiter.engine.execution.InvocationInterceptorChain.proceed(InvocationInterceptorChain.java:64)
	at org.junit.jupiter.engine.execution.InvocationInterceptorChain.chainAndInvoke(InvocationInterceptorChain.java:45)
	at org.junit.jupiter.engine.execution.InvocationInterceptorChain.invoke(InvocationInterceptorChain.java:37)
	at org.junit.jupiter.engine.execution.ExecutableInvoker.invoke(ExecutableInvoker.java:104)
	at org.junit.jupiter.engine.execution.ExecutableInvoker.invoke(ExecutableInvoker.java:98)
	at org.junit.jupiter.engine.descriptor.TestMethodTestDescriptor.lambda$invokeTestMethod$6(TestMethodTestDescriptor.java:212)
	at org.junit.platform.engine.support.hierarchical.ThrowableCollector.execute(ThrowableCollector.java:73)
	at org.junit.jupiter.engine.descriptor.TestMethodTestDescriptor.invokeTestMethod(TestMethodTestDescriptor.java:208)
	at org.junit.jupiter.engine.descriptor.TestMethodTestDescriptor.execute(TestMethodTestDescriptor.java:137)
	at org.junit.jupiter.engine.descriptor.TestMethodTestDescriptor.execute(TestMethodTestDescriptor.java:71)
	at org.junit.platform.engine.support.hierarchical.NodeTestTask.lambda$executeRecursively$5(NodeTestTask.java:135)
	at org.junit.platform.engine.support.hierarchical.ThrowableCollector.execute(ThrowableCollector.java:73)
	at org.junit.platform.engine.support.hierarchical.NodeTestTask.lambda$executeRecursively$7(NodeTestTask.java:125)
	at org.junit.platform.engine.support.hierarchical.Node.around(Node.java:135)
	at org.junit.platform.engine.support.hierarchical.NodeTestTask.lambda$executeRecursively$8(NodeTestTask.java:123)
	at org.junit.platform.engine.support.hierarchical.ThrowableCollector.execute(ThrowableCollector.java:73)
	at org.junit.platform.engine.support.hierarchical.NodeTestTask.executeRecursively(NodeTestTask.java:122)
	at org.junit.platform.engine.support.hierarchical.NodeTestTask.execute(NodeTestTask.java:80)
	at java.util.ArrayList.forEach(ArrayList.java:1257)
	at org.junit.platform.engine.support.hierarchical.SameThreadHierarchicalTestExecutorService.invokeAll(SameThreadHierarchicalTestExecutorService.java:38)
	at org.junit.platform.engine.support.hierarchical.NodeTestTask.lambda$executeRecursively$5(NodeTestTask.java:139)
	at org.junit.platform.engine.support.hierarchical.ThrowableCollector.execute(ThrowableCollector.java:73)
	at org.junit.platform.engine.support.hierarchical.NodeTestTask.lambda$executeRecursively$7(NodeTestTask.java:125)
	at org.junit.platform.engine.support.hierarchical.Node.around(Node.java:135)
	at org.junit.platform.engine.support.hierarchical.NodeTestTask.lambda$executeRecursively$8(NodeTestTask.java:123)
	at org.junit.platform.engine.support.hierarchical.ThrowableCollector.execute(ThrowableCollector.java:73)
	at org.junit.platform.engine.support.hierarchical.NodeTestTask.executeRecursively(NodeTestTask.java:122)
	at org.junit.platform.engine.support.hierarchical.NodeTestTask.execute(NodeTestTask.java:80)
	at java.util.ArrayList.forEach(ArrayList.java:1257)
	at org.junit.platform.engine.support.hierarchical.SameThreadHierarchicalTestExecutorService.invokeAll(SameThreadHierarchicalTestExecutorService.java:38)
	at org.junit.platform.engine.support.hierarchical.NodeTestTask.lambda$executeRecursively$5(NodeTestTask.java:139)
	at org.junit.platform.engine.support.hierarchical.ThrowableCollector.execute(ThrowableCollector.java:73)
	at org.junit.platform.engine.support.hierarchical.NodeTestTask.lambda$executeRecursively$7(NodeTestTask.java:125)
	at org.junit.platform.engine.support.hierarchical.Node.around(Node.java:135)
	at org.junit.platform.engine.support.hierarchical.NodeTestTask.lambda$executeRecursively$8(NodeTestTask.java:123)
	at org.junit.platform.engine.support.hierarchical.ThrowableCollector.execute(ThrowableCollector.java:73)
	at org.junit.platform.engine.support.hierarchical.NodeTestTask.executeRecursively(NodeTestTask.java:122)
	at org.junit.platform.engine.support.hierarchical.NodeTestTask.execute(NodeTestTask.java:80)
	at org.junit.platform.engine.support.hierarchical.SameThreadHierarchicalTestExecutorService.submit(SameThreadHierarchicalTestExecutorService.java:32)
	at org.junit.platform.engine.support.hierarchical.HierarchicalTestExecutor.execute(HierarchicalTestExecutor.java:57)
	at org.junit.platform.engine.support.hierarchical.HierarchicalTestEngine.execute(HierarchicalTestEngine.java:51)
	at org.junit.platform.launcher.core.DefaultLauncher.execute(DefaultLauncher.java:248)
	at org.junit.platform.launcher.core.DefaultLauncher.lambda$execute$5(DefaultLauncher.java:211)
	at org.junit.platform.launcher.core.DefaultLauncher.withInterceptedStreams(DefaultLauncher.java:226)
	at org.junit.platform.launcher.core.DefaultLauncher.execute(DefaultLauncher.java:199)
	at org.junit.platform.launcher.core.DefaultLauncher.execute(DefaultLauncher.java:132)
	at org.gradle.api.internal.tasks.testing.junitplatform.JUnitPlatformTestClassProcessor$CollectAllTestClassesExecutor.processAllTestClasses(JUnitPlatformTestClassProcessor.java:99)
	at org.gradle.api.internal.tasks.testing.junitplatform.JUnitPlatformTestClassProcessor$CollectAllTestClassesExecutor.access$000(JUnitPlatformTestClassProcessor.java:79)
	at org.gradle.api.internal.tasks.testing.junitplatform.JUnitPlatformTestClassProcessor.stop(JUnitPlatformTestClassProcessor.java:75)
	at org.gradle.api.internal.tasks.testing.SuiteTestClassProcessor.stop(SuiteTestClassProcessor.java:61)
	at sun.reflect.NativeMethodAccessorImpl.invoke0(Native Method)
	at sun.reflect.NativeMethodAccessorImpl.invoke(NativeMethodAccessorImpl.java:62)
	at sun.reflect.DelegatingMethodAccessorImpl.invoke(DelegatingMethodAccessorImpl.java:43)
	at java.lang.reflect.Method.invoke(Method.java:498)
	at org.gradle.internal.dispatch.ReflectionDispatch.dispatch(ReflectionDispatch.java:36)
	at org.gradle.internal.dispatch.ReflectionDispatch.dispatch(ReflectionDispatch.java:24)
	at org.gradle.internal.dispatch.ContextClassLoaderDispatch.dispatch(ContextClassLoaderDispatch.java:33)
	at org.gradle.internal.dispatch.ProxyDispatchAdapter$DispatchingInvocationHandler.invoke(ProxyDispatchAdapter.java:94)
	at com.sun.proxy.$Proxy2.stop(Unknown Source)
	at org.gradle.api.internal.tasks.testing.worker.TestWorker.stop(TestWorker.java:133)
	at sun.reflect.NativeMethodAccessorImpl.invoke0(Native Method)
	at sun.reflect.NativeMethodAccessorImpl.invoke(NativeMethodAccessorImpl.java:62)
	at sun.reflect.DelegatingMethodAccessorImpl.invoke(DelegatingMethodAccessorImpl.java:43)
	at java.lang.reflect.Method.invoke(Method.java:498)
	at org.gradle.internal.dispatch.ReflectionDispatch.dispatch(ReflectionDispatch.java:36)
	at org.gradle.internal.dispatch.ReflectionDispatch.dispatch(ReflectionDispatch.java:24)
	at org.gradle.internal.remote.internal.hub.MessageHubBackedObjectConnection$DispatchWrapper.dispatch(MessageHubBackedObjectConnection.java:182)
	at org.gradle.internal.remote.internal.hub.MessageHubBackedObjectConnection$DispatchWrapper.dispatch(MessageHubBackedObjectConnection.java:164)
	at org.gradle.internal.remote.internal.hub.MessageHub$Handler.run(MessageHub.java:414)
	at org.gradle.internal.concurrent.ExecutorPolicy$CatchAndRecordFailures.onExecute(ExecutorPolicy.java:64)
	at org.gradle.internal.concurrent.ManagedExecutorImpl$1.run(ManagedExecutorImpl.java:48)
	at java.util.concurrent.ThreadPoolExecutor.runWorker(ThreadPoolExecutor.java:1149)
	at java.util.concurrent.ThreadPoolExecutor$Worker.run(ThreadPoolExecutor.java:624)
	at org.gradle.internal.concurrent.ThreadFactoryImpl$ManagedThreadRunnable.run(ThreadFactoryImpl.java:56)
	at java.lang.Thread.run(Thread.java:748)
</failure>
  </testcase>
  <testcase name="testmultipleweirdStrings()" classname="plc.compiler.LexerTests" time="0.001"/>
  <testcase name="[1] ==, true" classname="plc.compiler.LexerTests" time="0.001"/>
  <testcase name="[2] !=, true" classname="plc.compiler.LexerTests" time="0.001"/>
  <testcase name="[3] ?, true" classname="plc.compiler.LexerTests" time="0.0"/>
  <testcase name="[1] 1, false" classname="plc.compiler.LexerTests" time="0.004"/>
  <testcase name="[2] -1.0, false" classname="plc.compiler.LexerTests" time="0.0"/>
  <testcase name="[3] 007.000, true" classname="plc.compiler.LexerTests" time="0.0"/>
  <testcase name="[4] 1., false" classname="plc.compiler.LexerTests" time="0.001"/>
  <testcase name="[5] .5, false" classname="plc.compiler.LexerTests" time="0.001"/>
  <testcase name="EqualsCombination()" classname="plc.compiler.LexerTests" time="0.001"/>
  <testcase name="[1] 1, true" classname="plc.compiler.LexerTests" time="0.001"/>
  <testcase name="[2] -1.0, false" classname="plc.compiler.LexerTests" time="0.001"/>
  <testcase name="[3] 007.000, false" classname="plc.compiler.LexerTests" time="0.0"/>
  <testcase name="[4] 1., false" classname="plc.compiler.LexerTests" time="0.001"/>
  <testcase name="[5] .5, false" classname="plc.compiler.LexerTests" time="0.001"/>
  <testcase name="[1] &quot;&quot;, true" classname="plc.compiler.LexerTests" time="0.002"/>
  <testcase name="[2] &quot;abc&quot;, true" classname="plc.compiler.LexerTests" time="0.001"/>
  <testcase name="[3] &quot;Hello,\nWorld&quot;, true" classname="plc.compiler.LexerTests" time="0.002"/>
  <testcase name="[4] &quot;unterminated, false" classname="plc.compiler.LexerTests" time="0.002"/>
  <testcase name="[5] &quot;invalid\escape&quot;, true" classname="plc.compiler.LexerTests" time="0.001"/>
  <testcase name="[6] &quot;escape\&quot;, true" classname="plc.compiler.LexerTests" time="0.0"/>
  <testcase name="[7] &quot;escaped\&quot;quote&quot;, false" classname="plc.compiler.LexerTests" time="0.0"/>
  <testcase name="[1] getName, true" classname="plc.compiler.LexerTests" time="0.001"/>
  <testcase name="[2] is-empty?, false" classname="plc.compiler.LexerTests" time="0.0"/>
  <testcase name="[3] &lt;=&gt;, false" classname="plc.compiler.LexerTests" time="0.0"/>
  <testcase name="[4] 42=life, false" classname="plc.compiler.LexerTests" time="0.002"/>
  <testcase name="[5] why,are,there,commas,, false" classname="plc.compiler.LexerTests" time="0.001"/>
  <system-out><![CDATA[]]></system-out>
  <system-err><![CDATA[]]></system-err>
</testsuite>
